<?xml version="1.0" encoding="UTF-8"?>
<!-- Generated by org.testng.reporters.JUnitReportReporter -->
<testsuite hostname="REM-LT-220110A" failures="0" tests="2" name="com.unosquare.FirstPullRequest" time="2.603" errors="0" timestamp="2022-02-15T15:03:35 CST" skipped="0">
  <testcase classname="com.unosquare.FirstPullRequest" name="given_when_then" time="2.279"/>
  <system-out>
    <![CDATA[Sucess 200 validation]]>
  </system-out>
  <testcase classname="com.unosquare.FirstPullRequest" name="http_objects" time="0.324"/>
  <system-out>
    <![CDATA[Sucess 200 validation
{"data":{"id":2,"name":"fuchsia rose","year":2001,"color":"#C74375","pantone_value":"17-2031"},"support":{"url":"https://reqres.in/#support-heading","text":"To keep ReqRes free, contributions towards server costs are appreciated!"}}]]>
  </system-out>
</testsuite> <!-- com.unosquare.FirstPullRequest -->
