<?xml version="1.0" encoding="UTF-8"?>
<!-- Generated by org.testng.reporters.JUnitReportReporter -->
<testsuite hostname="REM-LT-220110A" failures="0" tests="2" name="com.unosquare.POST_and_JSON_request" time="3.134" errors="0" timestamp="2022-02-18T12:13:42 CST" skipped="0">
  <testcase classname="com.unosquare.POST_and_JSON_request" name="create" time="2.542"/>
  <system-out>
    <![CDATA[Response body: {"name":"Athziri","job":"QA","id":"268","createdAt":"2022-02-18T18:13:21.369Z"}
Response code: 201
JSON body: src\main\resources\createUser.json
URL: https://reqres.in/api]]>
  </system-out>
  <testcase classname="com.unosquare.POST_and_JSON_request" name="login" time="0.592"/>
  <system-out>
    <![CDATA[Response body: {"token":"QpwL5tke4Pnpja7X4"}
Response code: 200
JSON body: src\main\resources\login.json
URL: https://reqres.in/api]]>
  </system-out>
</testsuite> <!-- com.unosquare.POST_and_JSON_request -->
