<?xml version="1.0" encoding="UTF-8"?>
<!-- Generated by org.testng.reporters.JUnitReportReporter -->
<testsuite hostname="REM-LT-220110A" failures="0" tests="2" name="com.unosquare.FirstAPITest" time="2.427" errors="0" timestamp="2022-02-15T10:40:41 CST" skipped="0">
  <testcase classname="com.unosquare.FirstAPITest" name="f" time="2.082"/>
  <system-out>
    <![CDATA[Sucess 200 validation
{"data":{"id":2,"email":"janet.weaver@reqres.in","first_name":"Janet","last_name":"Weaver","avatar":"https://reqres.in/img/faces/2-image.jpg"},"support":{"url":"https://reqres.in/#support-heading","text":"To keep ReqRes free, contributions towards server costs are appreciated!"}}]]>
  </system-out>
  <testcase classname="com.unosquare.FirstAPITest" name="f_Gherkin" time="0.345"/>
  <system-out>
    <![CDATA[Sucess 200 validation]]>
  </system-out>
</testsuite> <!-- com.unosquare.FirstAPITest -->
